<?xml version="1.0" encoding="UTF-8"?>
<testsuite name="PasswordCheckerTest" tests="8" skipped="0" failures="0" errors="0" timestamp="2020-07-29T20:59:35" hostname="admin1-ThinkCentre-M72e" time="0.098">
  <properties/>
  <testcase name="passwordLength()" classname="PasswordCheckerTest" time="0.036"/>
  <testcase name="lowerCasePassword()" classname="PasswordCheckerTest" time="0.008"/>
  <testcase name="digitPassword()" classname="PasswordCheckerTest" time="0.002"/>
  <testcase name="passwordIsValid()" classname="PasswordCheckerTest" time="0.002"/>
  <testcase name="passwordIsOk()" classname="PasswordCheckerTest" time="0.008"/>
  <testcase name="passwordSpecialChar()" classname="PasswordCheckerTest" time="0.009"/>
  <testcase name="upperCasePassword()" classname="PasswordCheckerTest" time="0.001"/>
  <testcase name="existingPassword()" classname="PasswordCheckerTest" time="0.001"/>
  <system-out><![CDATA[Password is ok!
]]></system-out>
  <system-err><![CDATA[]]></system-err>
</testsuite>
