<?xml version="1.0" encoding="UTF-8"?>
<testsuite name="PasswordCheckerTest" tests="8" skipped="0" failures="0" errors="0" timestamp="2020-07-30T00:15:50" hostname="admin2-ThinkCentre-M72e" time="0.044">
  <properties/>
  <testcase name="passwordLength()" classname="PasswordCheckerTest" time="0.016"/>
  <testcase name="lowerCasePassword()" classname="PasswordCheckerTest" time="0.001"/>
  <testcase name="digitPassword()" classname="PasswordCheckerTest" time="0.001"/>
  <testcase name="passwordIsValid()" classname="PasswordCheckerTest" time="0.001"/>
  <testcase name="passwordIsOk()" classname="PasswordCheckerTest" time="0.005"/>
  <testcase name="passwordSpecialChar()" classname="PasswordCheckerTest" time="0.001"/>
  <testcase name="upperCasePassword()" classname="PasswordCheckerTest" time="0.001"/>
  <testcase name="existingPassword()" classname="PasswordCheckerTest" time="0.002"/>
  <system-out><![CDATA[Password is ok!
]]></system-out>
  <system-err><![CDATA[]]></system-err>
</testsuite>
