<?xml version="1.0" encoding="UTF-8"?>
<testsuite name="PasswordCheckerTest" tests="2" skipped="0" failures="0" errors="0" timestamp="2020-03-04T08:24:48" hostname="admin2-ThinkCentre-M72e" time="0.008">
  <properties/>
  <testcase name="passwordIsOkTest" classname="PasswordCheckerTest" time="0.001"/>
  <testcase name="passwordIsValidTest" classname="PasswordCheckerTest" time="0.006"/>
  <system-out><![CDATA[Password should not be empty!
password should be at least be 8 characters long
password should have at least one uppercase letter
password should have at least one lowercase letter
password should have at least one digit
password should have at least one Special character
]]></system-out>
  <system-err><![CDATA[]]></system-err>
</testsuite>
